2019-04-18 13:48:33.226  INFO 22633 --- [main] com.newyear.present.ConsoleApplication   : Starting ConsoleApplication on Latitude-E5470 with PID 22633 (/home/viktoria/IdeaProjects/new-year-package/target/classes started by viktoria in /home/viktoria/IdeaProjects/new-year-package)
2019-04-18 13:48:33.232  INFO 22633 --- [main] com.newyear.present.ConsoleApplication   : No active profile set, falling back to default profiles: default
2019-04-18 13:48:34.763  INFO 22633 --- [main] o.apache.catalina.core.StandardService   : Starting service [Tomcat]
2019-04-18 13:48:34.763  INFO 22633 --- [main] org.apache.catalina.core.StandardEngine  : Starting Servlet Engine: Apache Tomcat/8.5.34
2019-04-18 13:48:34.772  INFO 22633 --- [localhost-startStop-1] o.a.catalina.core.AprLifecycleListener   : The APR based Apache Tomcat Native library which allows optimal performance in production environments was not found on the java.library.path: [/usr/java/packages/lib/amd64:/usr/lib64:/lib64:/lib:/usr/lib]
2019-04-18 13:48:34.889  INFO 22633 --- [localhost-startStop-1] o.a.c.c.C.[Tomcat].[localhost].[/]       : Initializing Spring embedded WebApplicationContext
2019-04-18 13:48:35.124  INFO 22633 --- [main] com.zaxxer.hikari.HikariDataSource       : HikariPool-1 - Starting...
2019-04-18 13:48:35.168  INFO 22633 --- [main] com.zaxxer.hikari.pool.PoolBase          : HikariPool-1 - Driver does not support get/set network timeout for connections. (Method org.postgresql.jdbc42.Jdbc42Connection.getNetworkTimeout() is not yet implemented.)
2019-04-18 13:48:35.188  INFO 22633 --- [main] com.zaxxer.hikari.HikariDataSource       : HikariPool-1 - Start completed.
2019-04-18 13:48:37.061  INFO 22633 --- [main] com.newyear.present.ConsoleApplication   : Started ConsoleApplication in 4.385 seconds (JVM running for 5.097)
2019-04-18 13:48:42.383 ERROR 22633 --- [main] o.s.boot.SpringApplication               : Application run failed

java.lang.IllegalStateException: Failed to execute CommandLineRunner
	at org.springframework.boot.SpringApplication.callRunner(SpringApplication.java:821) [spring-boot-2.0.5.RELEASE.jar:2.0.5.RELEASE]
	at org.springframework.boot.SpringApplication.callRunners(SpringApplication.java:802) [spring-boot-2.0.5.RELEASE.jar:2.0.5.RELEASE]
	at org.springframework.boot.SpringApplication.run(SpringApplication.java:341) [spring-boot-2.0.5.RELEASE.jar:2.0.5.RELEASE]
	at org.springframework.boot.SpringApplication.run(SpringApplication.java:1277) [spring-boot-2.0.5.RELEASE.jar:2.0.5.RELEASE]
	at org.springframework.boot.SpringApplication.run(SpringApplication.java:1265) [spring-boot-2.0.5.RELEASE.jar:2.0.5.RELEASE]
	at com.newyear.present.ConsoleApplication.main(ConsoleApplication.java:21) [classes/:na]
Caused by: java.lang.NullPointerException: null
	at com.newyear.present.ui.ConsoleUI.createPackageUsingJustSellerSweets(ConsoleUI.java:87) ~[classes/:na]
	at createPackage(ConsoleUI.java:70) ~[classes/:na]
	at com.newyear.present.ui.ConsoleUI.run(ConsoleUI.java:49) ~[classes/:na]
	at com.newyear.present.ConsoleApplication.run(ConsoleApplication.java:26) [classes/:na]
	at org.springframework.boot.SpringApplication.callRunner(SpringApplication.java:818) [spring-boot-2.0.5.RELEASE.jar:2.0.5.RELEASE]
	... 5 common frames omitted

2019-04-18 13:48:42.404  INFO 22633 --- [main] com.zaxxer.hikari.HikariDataSource       : HikariPool-1 - Shutdown initiated...
2019-04-18 13:48:42.419  INFO 22633 --- [main] com.zaxxer.hikari.HikariDataSource       : HikariPool-1 - Shutdown completed.
2019-04-18 13:53:49.035  INFO 23054 --- [main] com.newyear.present.ConsoleApplication   : Starting ConsoleApplication on Latitude-E5470 with PID 23054 (/home/viktoria/IdeaProjects/new-year-package/target/classes started by viktoria in /home/viktoria/IdeaProjects/new-year-package)
2019-04-18 13:53:49.040  INFO 23054 --- [main] com.newyear.present.ConsoleApplication   : No active profile set, falling back to default profiles: default
2019-04-18 13:53:50.646  INFO 23054 --- [main] o.apache.catalina.core.StandardService   : Starting service [Tomcat]
2019-04-18 13:53:50.646  INFO 23054 --- [main] org.apache.catalina.core.StandardEngine  : Starting Servlet Engine: Apache Tomcat/8.5.34
2019-04-18 13:53:50.655  INFO 23054 --- [localhost-startStop-1] o.a.catalina.core.AprLifecycleListener   : The APR based Apache Tomcat Native library which allows optimal performance in production environments was not found on the java.library.path: [/usr/java/packages/lib/amd64:/usr/lib64:/lib64:/lib:/usr/lib]
2019-04-18 13:53:50.763  INFO 23054 --- [localhost-startStop-1] o.a.c.c.C.[Tomcat].[localhost].[/]       : Initializing Spring embedded WebApplicationContext
2019-04-18 13:53:51.011  INFO 23054 --- [main] com.zaxxer.hikari.HikariDataSource       : HikariPool-1 - Starting...
2019-04-18 13:53:51.061  INFO 23054 --- [main] com.zaxxer.hikari.pool.PoolBase          : HikariPool-1 - Driver does not support get/set network timeout for connections. (Method org.postgresql.jdbc42.Jdbc42Connection.getNetworkTimeout() is not yet implemented.)
2019-04-18 13:53:51.083  INFO 23054 --- [main] com.zaxxer.hikari.HikariDataSource       : HikariPool-1 - Start completed.
2019-04-18 13:53:53.056  INFO 23054 --- [main] com.newyear.present.ConsoleApplication   : Started ConsoleApplication in 4.665 seconds (JVM running for 5.074)
2019-04-18 13:54:00.044 ERROR 23054 --- [main] o.s.boot.SpringApplication               : Application run failed

java.lang.IllegalStateException: Failed to execute CommandLineRunner
	at org.springframework.boot.SpringApplication.callRunner(SpringApplication.java:821) [spring-boot-2.0.5.RELEASE.jar:2.0.5.RELEASE]
	at org.springframework.boot.SpringApplication.callRunners(SpringApplication.java:802) [spring-boot-2.0.5.RELEASE.jar:2.0.5.RELEASE]
	at org.springframework.boot.SpringApplication.run(SpringApplication.java:341) [spring-boot-2.0.5.RELEASE.jar:2.0.5.RELEASE]
	at org.springframework.boot.SpringApplication.run(SpringApplication.java:1277) [spring-boot-2.0.5.RELEASE.jar:2.0.5.RELEASE]
	at org.springframework.boot.SpringApplication.run(SpringApplication.java:1265) [spring-boot-2.0.5.RELEASE.jar:2.0.5.RELEASE]
	at com.newyear.present.ConsoleApplication.main(ConsoleApplication.java:21) [classes/:na]
Caused by: java.lang.NullPointerException: null
	at com.newyear.present.ui.ConsoleUI.createPackageUsingJustSellerSweets(ConsoleUI.java:87) ~[classes/:na]
	at createPackage(ConsoleUI.java:70) ~[classes/:na]
	at com.newyear.present.ui.ConsoleUI.run(ConsoleUI.java:49) ~[classes/:na]
	at com.newyear.present.ConsoleApplication.run(ConsoleApplication.java:26) [classes/:na]
	at org.springframework.boot.SpringApplication.callRunner(SpringApplication.java:818) [spring-boot-2.0.5.RELEASE.jar:2.0.5.RELEASE]
	... 5 common frames omitted

2019-04-18 13:54:00.058  INFO 23054 --- [main] com.zaxxer.hikari.HikariDataSource       : HikariPool-1 - Shutdown initiated...
2019-04-18 13:54:00.068  INFO 23054 --- [main] com.zaxxer.hikari.HikariDataSource       : HikariPool-1 - Shutdown completed.
2019-04-18 13:54:26.822  INFO 23180 --- [main] com.newyear.present.ConsoleApplication   : Starting ConsoleApplication on Latitude-E5470 with PID 23180 (/home/viktoria/IdeaProjects/new-year-package/target/classes started by viktoria in /home/viktoria/IdeaProjects/new-year-package)
2019-04-18 13:54:26.827  INFO 23180 --- [main] com.newyear.present.ConsoleApplication   : No active profile set, falling back to default profiles: default
2019-04-18 13:54:26.922  INFO 23180 --- [main] ConfigServletWebServerApplicationContext : Refreshing org.springframework.boot.web.servlet.context.AnnotationConfigServletWebServerApplicationContext@34b7ac2f: startup date [Thu Apr 18 13:54:26 EEST 2019]; root of context hierarchy
2019-04-18 13:54:27.885  INFO 23180 --- [main] trationDelegate$BeanPostProcessorChecker : Bean 'org.springframework.transaction.annotation.ProxyTransactionManagementConfiguration' of type [org.springframework.transaction.annotation.ProxyTransactionManagementConfiguration$$EnhancerBySpringCGLIB$$591d0c4c] is not eligible for getting processed by all BeanPostProcessors (for example: not eligible for auto-proxying)
2019-04-18 13:54:28.220  INFO 23180 --- [main] o.s.b.w.embedded.tomcat.TomcatWebServer  : Tomcat initialized with port(s): 8090 (http)
2019-04-18 13:54:28.242  INFO 23180 --- [main] o.apache.catalina.core.StandardService   : Starting service [Tomcat]
2019-04-18 13:54:28.243  INFO 23180 --- [main] org.apache.catalina.core.StandardEngine  : Starting Servlet Engine: Apache Tomcat/8.5.34
2019-04-18 13:54:28.250  INFO 23180 --- [localhost-startStop-1] o.a.catalina.core.AprLifecycleListener   : The APR based Apache Tomcat Native library which allows optimal performance in production environments was not found on the java.library.path: [/usr/java/packages/lib/amd64:/usr/lib64:/lib64:/lib:/usr/lib]
2019-04-18 13:54:28.346  INFO 23180 --- [localhost-startStop-1] o.a.c.c.C.[Tomcat].[localhost].[/]       : Initializing Spring embedded WebApplicationContext
2019-04-18 13:54:28.347  INFO 23180 --- [localhost-startStop-1] o.s.web.context.ContextLoader            : Root WebApplicationContext: initialization completed in 1426 ms
2019-04-18 13:54:28.388  INFO 23180 --- [localhost-startStop-1] o.s.b.w.servlet.ServletRegistrationBean  : Servlet dispatcherServlet mapped to [/]
2019-04-18 13:54:28.391  INFO 23180 --- [localhost-startStop-1] o.s.b.w.servlet.FilterRegistrationBean   : Mapping filter: 'characterEncodingFilter' to: [/*]
2019-04-18 13:54:28.391  INFO 23180 --- [localhost-startStop-1] o.s.b.w.servlet.FilterRegistrationBean   : Mapping filter: 'hiddenHttpMethodFilter' to: [/*]
2019-04-18 13:54:28.391  INFO 23180 --- [localhost-startStop-1] o.s.b.w.servlet.FilterRegistrationBean   : Mapping filter: 'httpPutFormContentFilter' to: [/*]
2019-04-18 13:54:28.391  INFO 23180 --- [localhost-startStop-1] o.s.b.w.servlet.FilterRegistrationBean   : Mapping filter: 'requestContextFilter' to: [/*]
2019-04-18 13:54:28.604  INFO 23180 --- [main] com.zaxxer.hikari.HikariDataSource       : HikariPool-1 - Starting...
2019-04-18 13:54:28.652  INFO 23180 --- [main] com.zaxxer.hikari.pool.PoolBase          : HikariPool-1 - Driver does not support get/set network timeout for connections. (Method org.postgresql.jdbc42.Jdbc42Connection.getNetworkTimeout() is not yet implemented.)
2019-04-18 13:54:28.683  INFO 23180 --- [main] com.zaxxer.hikari.HikariDataSource       : HikariPool-1 - Start completed.
2019-04-18 13:54:28.737  INFO 23180 --- [main] j.LocalContainerEntityManagerFactoryBean : Building JPA container EntityManagerFactory for persistence unit 'default'
2019-04-18 13:54:29.654  INFO 23180 --- [main] j.LocalContainerEntityManagerFactoryBean : Initialized JPA EntityManagerFactory for persistence unit 'default'
2019-04-18 13:54:30.065  INFO 23180 --- [main] o.s.w.s.handler.SimpleUrlHandlerMapping  : Mapped URL path [/**/favicon.ico] onto handler of type [class org.springframework.web.servlet.resource.ResourceHttpRequestHandler]
2019-04-18 13:54:30.294  INFO 23180 --- [main] s.w.s.m.m.a.RequestMappingHandlerAdapter : Looking for @ControllerAdvice: org.springframework.boot.web.servlet.context.AnnotationConfigServletWebServerApplicationContext@34b7ac2f: startup date [Thu Apr 18 13:54:26 EEST 2019]; root of context hierarchy
2019-04-18 13:54:30.337  WARN 23180 --- [main] aWebConfiguration$JpaWebMvcConfiguration : spring.jpa.open-in-view is enabled by default. Therefore, database queries may be performed during view rendering. Explicitly configure spring.jpa.open-in-view to disable this warning
2019-04-18 13:54:30.370  INFO 23180 --- [main] s.w.s.m.m.a.RequestMappingHandlerMapping : Mapped "{[/error],produces=[text/html]}" onto public org.springframework.web.servlet.ModelAndView org.springframework.boot.autoconfigure.web.servlet.error.BasicErrorController.errorHtml(javax.servlet.http.HttpServletRequest,javax.servlet.http.HttpServletResponse)
2019-04-18 13:54:30.371  INFO 23180 --- [main] s.w.s.m.m.a.RequestMappingHandlerMapping : Mapped "{[/error]}" onto public org.springframework.http.ResponseEntity<java.util.Map<java.lang.String, java.lang.Object>> org.springframework.boot.autoconfigure.web.servlet.error.BasicErrorController.error(javax.servlet.http.HttpServletRequest)
2019-04-18 13:54:30.395  INFO 23180 --- [main] o.s.w.s.handler.SimpleUrlHandlerMapping  : Mapped URL path [/webjars/**] onto handler of type [class org.springframework.web.servlet.resource.ResourceHttpRequestHandler]
2019-04-18 13:54:30.395  INFO 23180 --- [main] o.s.w.s.handler.SimpleUrlHandlerMapping  : Mapped URL path [/**] onto handler of type [class org.springframework.web.servlet.resource.ResourceHttpRequestHandler]
2019-04-18 13:54:30.600  INFO 23180 --- [main] o.s.j.e.a.AnnotationMBeanExporter        : Registering beans for JMX exposure on startup
2019-04-18 13:54:30.601  INFO 23180 --- [main] o.s.j.e.a.AnnotationMBeanExporter        : Bean with name 'dataSource' has been autodetected for JMX exposure
2019-04-18 13:54:30.606  INFO 23180 --- [main] o.s.j.e.a.AnnotationMBeanExporter        : Located MBean 'dataSource': registering with JMX server as MBean [com.zaxxer.hikari:name=dataSource,type=HikariDataSource]
2019-04-18 13:54:30.657  INFO 23180 --- [main] o.s.b.w.embedded.tomcat.TomcatWebServer  : Tomcat started on port(s): 8090 (http) with context path ''
2019-04-18 13:54:30.661  INFO 23180 --- [main] com.newyear.present.ConsoleApplication   : Started ConsoleApplication in 4.793 seconds (JVM running for 5.517)
2019-04-18 13:59:29.275  INFO 23180 --- [Thread-4] ConfigServletWebServerApplicationContext : Closing org.springframework.boot.web.servlet.context.AnnotationConfigServletWebServerApplicationContext@34b7ac2f: startup date [Thu Apr 18 13:54:26 EEST 2019]; root of context hierarchy
2019-04-18 13:59:29.277  INFO 23180 --- [Thread-4] o.s.j.e.a.AnnotationMBeanExporter        : Unregistering JMX-exposed beans on shutdown
2019-04-18 13:59:29.278  INFO 23180 --- [Thread-4] o.s.j.e.a.AnnotationMBeanExporter        : Unregistering JMX-exposed beans
2019-04-18 13:59:29.282  INFO 23180 --- [Thread-4] j.LocalContainerEntityManagerFactoryBean : Closing JPA EntityManagerFactory for persistence unit 'default'
2019-04-18 13:59:29.283  INFO 23180 --- [Thread-4] com.zaxxer.hikari.HikariDataSource       : HikariPool-1 - Shutdown initiated...
2019-04-18 13:59:29.288  INFO 23180 --- [Thread-4] com.zaxxer.hikari.HikariDataSource       : HikariPool-1 - Shutdown completed.
2019-04-18 13:59:44.076  INFO 23775 --- [main] com.newyear.present.ConsoleApplication   : Starting ConsoleApplication on Latitude-E5470 with PID 23775 (/home/viktoria/IdeaProjects/new-year-package/target/classes started by viktoria in /home/viktoria/IdeaProjects/new-year-package)
2019-04-18 13:59:44.079  INFO 23775 --- [main] com.newyear.present.ConsoleApplication   : No active profile set, falling back to default profiles: default
2019-04-18 13:59:44.179  INFO 23775 --- [main] ConfigServletWebServerApplicationContext : Refreshing org.springframework.boot.web.servlet.context.AnnotationConfigServletWebServerApplicationContext@5bd03f44: startup date [Thu Apr 18 13:59:44 EEST 2019]; root of context hierarchy
2019-04-18 13:59:45.196  INFO 23775 --- [main] trationDelegate$BeanPostProcessorChecker : Bean 'org.springframework.transaction.annotation.ProxyTransactionManagementConfiguration' of type [org.springframework.transaction.annotation.ProxyTransactionManagementConfiguration$$EnhancerBySpringCGLIB$$ecf616] is not eligible for getting processed by all BeanPostProcessors (for example: not eligible for auto-proxying)
2019-04-18 13:59:45.548  INFO 23775 --- [main] o.s.b.w.embedded.tomcat.TomcatWebServer  : Tomcat initialized with port(s): 8090 (http)
2019-04-18 13:59:45.571  INFO 23775 --- [main] o.apache.catalina.core.StandardService   : Starting service [Tomcat]
2019-04-18 13:59:45.572  INFO 23775 --- [main] org.apache.catalina.core.StandardEngine  : Starting Servlet Engine: Apache Tomcat/8.5.34
2019-04-18 13:59:45.580  INFO 23775 --- [localhost-startStop-1] o.a.catalina.core.AprLifecycleListener   : The APR based Apache Tomcat Native library which allows optimal performance in production environments was not found on the java.library.path: [/usr/java/packages/lib/amd64:/usr/lib64:/lib64:/lib:/usr/lib]
2019-04-18 13:59:45.691  INFO 23775 --- [localhost-startStop-1] o.a.c.c.C.[Tomcat].[localhost].[/]       : Initializing Spring embedded WebApplicationContext
2019-04-18 13:59:45.691  INFO 23775 --- [localhost-startStop-1] o.s.web.context.ContextLoader            : Root WebApplicationContext: initialization completed in 1512 ms
2019-04-18 13:59:45.734  INFO 23775 --- [localhost-startStop-1] o.s.b.w.servlet.ServletRegistrationBean  : Servlet dispatcherServlet mapped to [/]
2019-04-18 13:59:45.736  INFO 23775 --- [localhost-startStop-1] o.s.b.w.servlet.FilterRegistrationBean   : Mapping filter: 'characterEncodingFilter' to: [/*]
2019-04-18 13:59:45.737  INFO 23775 --- [localhost-startStop-1] o.s.b.w.servlet.FilterRegistrationBean   : Mapping filter: 'hiddenHttpMethodFilter' to: [/*]
2019-04-18 13:59:45.737  INFO 23775 --- [localhost-startStop-1] o.s.b.w.servlet.FilterRegistrationBean   : Mapping filter: 'httpPutFormContentFilter' to: [/*]
2019-04-18 13:59:45.737  INFO 23775 --- [localhost-startStop-1] o.s.b.w.servlet.FilterRegistrationBean   : Mapping filter: 'requestContextFilter' to: [/*]
2019-04-18 13:59:45.938  INFO 23775 --- [main] com.zaxxer.hikari.HikariDataSource       : HikariPool-1 - Starting...
2019-04-18 13:59:45.986  INFO 23775 --- [main] com.zaxxer.hikari.pool.PoolBase          : HikariPool-1 - Driver does not support get/set network timeout for connections. (Method org.postgresql.jdbc42.Jdbc42Connection.getNetworkTimeout() is not yet implemented.)
2019-04-18 13:59:46.007  INFO 23775 --- [main] com.zaxxer.hikari.HikariDataSource       : HikariPool-1 - Start completed.
2019-04-18 13:59:46.052  INFO 23775 --- [main] j.LocalContainerEntityManagerFactoryBean : Building JPA container EntityManagerFactory for persistence unit 'default'
2019-04-18 13:59:46.989  INFO 23775 --- [main] j.LocalContainerEntityManagerFactoryBean : Initialized JPA EntityManagerFactory for persistence unit 'default'
2019-04-18 13:59:47.395  INFO 23775 --- [main] o.s.w.s.handler.SimpleUrlHandlerMapping  : Mapped URL path [/**/favicon.ico] onto handler of type [class org.springframework.web.servlet.resource.ResourceHttpRequestHandler]
2019-04-18 13:59:47.597  INFO 23775 --- [main] s.w.s.m.m.a.RequestMappingHandlerAdapter : Looking for @ControllerAdvice: org.springframework.boot.web.servlet.context.AnnotationConfigServletWebServerApplicationContext@5bd03f44: startup date [Thu Apr 18 13:59:44 EEST 2019]; root of context hierarchy
2019-04-18 13:59:47.649  WARN 23775 --- [main] aWebConfiguration$JpaWebMvcConfiguration : spring.jpa.open-in-view is enabled by default. Therefore, database queries may be performed during view rendering. Explicitly configure spring.jpa.open-in-view to disable this warning
2019-04-18 13:59:47.684  INFO 23775 --- [main] s.w.s.m.m.a.RequestMappingHandlerMapping : Mapped "{[/error],produces=[text/html]}" onto public org.springframework.web.servlet.ModelAndView org.springframework.boot.autoconfigure.web.servlet.error.BasicErrorController.errorHtml(javax.servlet.http.HttpServletRequest,javax.servlet.http.HttpServletResponse)
2019-04-18 13:59:47.685  INFO 23775 --- [main] s.w.s.m.m.a.RequestMappingHandlerMapping : Mapped "{[/error]}" onto public org.springframework.http.ResponseEntity<java.util.Map<java.lang.String, java.lang.Object>> org.springframework.boot.autoconfigure.web.servlet.error.BasicErrorController.error(javax.servlet.http.HttpServletRequest)
2019-04-18 13:59:47.708  INFO 23775 --- [main] o.s.w.s.handler.SimpleUrlHandlerMapping  : Mapped URL path [/webjars/**] onto handler of type [class org.springframework.web.servlet.resource.ResourceHttpRequestHandler]
2019-04-18 13:59:47.709  INFO 23775 --- [main] o.s.w.s.handler.SimpleUrlHandlerMapping  : Mapped URL path [/**] onto handler of type [class org.springframework.web.servlet.resource.ResourceHttpRequestHandler]
2019-04-18 13:59:47.888  INFO 23775 --- [main] o.s.j.e.a.AnnotationMBeanExporter        : Registering beans for JMX exposure on startup
2019-04-18 13:59:47.889  INFO 23775 --- [main] o.s.j.e.a.AnnotationMBeanExporter        : Bean with name 'dataSource' has been autodetected for JMX exposure
2019-04-18 13:59:47.894  INFO 23775 --- [main] o.s.j.e.a.AnnotationMBeanExporter        : Located MBean 'dataSource': registering with JMX server as MBean [com.zaxxer.hikari:name=dataSource,type=HikariDataSource]
2019-04-18 13:59:47.931  INFO 23775 --- [main] o.s.b.w.embedded.tomcat.TomcatWebServer  : Tomcat started on port(s): 8090 (http) with context path ''
2019-04-18 13:59:47.934  INFO 23775 --- [main] com.newyear.present.ConsoleApplication   : Started ConsoleApplication in 4.467 seconds (JVM running for 5.322)
2019-04-18 14:00:05.196  INFO 23775 --- [Thread-4] ConfigServletWebServerApplicationContext : Closing org.springframework.boot.web.servlet.context.AnnotationConfigServletWebServerApplicationContext@5bd03f44: startup date [Thu Apr 18 13:59:44 EEST 2019]; root of context hierarchy
2019-04-18 14:00:05.199  INFO 23775 --- [Thread-4] o.s.j.e.a.AnnotationMBeanExporter        : Unregistering JMX-exposed beans on shutdown
2019-04-18 14:00:05.200  INFO 23775 --- [Thread-4] o.s.j.e.a.AnnotationMBeanExporter        : Unregistering JMX-exposed beans
2019-04-18 14:00:05.205  INFO 23775 --- [Thread-4] j.LocalContainerEntityManagerFactoryBean : Closing JPA EntityManagerFactory for persistence unit 'default'
2019-04-18 14:00:05.205  INFO 23775 --- [Thread-4] com.zaxxer.hikari.HikariDataSource       : HikariPool-1 - Shutdown initiated...
2019-04-18 14:00:05.210  INFO 23775 --- [Thread-4] com.zaxxer.hikari.HikariDataSource       : HikariPool-1 - Shutdown completed.
2019-04-18 14:00:22.512  INFO 23974 --- [main] com.newyear.present.ConsoleApplication   : Starting ConsoleApplication on Latitude-E5470 with PID 23974 (/home/viktoria/IdeaProjects/new-year-package/target/classes started by viktoria in /home/viktoria/IdeaProjects/new-year-package)
2019-04-18 14:00:22.515  INFO 23974 --- [main] com.newyear.present.ConsoleApplication   : No active profile set, falling back to default profiles: default
2019-04-18 14:00:22.611  INFO 23974 --- [main] ConfigServletWebServerApplicationContext : Refreshing org.springframework.boot.web.servlet.context.AnnotationConfigServletWebServerApplicationContext@21de60b4: startup date [Thu Apr 18 14:00:22 EEST 2019]; root of context hierarchy
2019-04-18 14:00:23.663  INFO 23974 --- [main] trationDelegate$BeanPostProcessorChecker : Bean 'org.springframework.transaction.annotation.ProxyTransactionManagementConfiguration' of type [org.springframework.transaction.annotation.ProxyTransactionManagementConfiguration$$EnhancerBySpringCGLIB$$7cadda67] is not eligible for getting processed by all BeanPostProcessors (for example: not eligible for auto-proxying)
2019-04-18 14:00:24.055  INFO 23974 --- [main] o.s.b.w.embedded.tomcat.TomcatWebServer  : Tomcat initialized with port(s): 8090 (http)
2019-04-18 14:00:24.090  INFO 23974 --- [main] o.apache.catalina.core.StandardService   : Starting service [Tomcat]
2019-04-18 14:00:24.090  INFO 23974 --- [main] org.apache.catalina.core.StandardEngine  : Starting Servlet Engine: Apache Tomcat/8.5.34
2019-04-18 14:00:24.101  INFO 23974 --- [localhost-startStop-1] o.a.catalina.core.AprLifecycleListener   : The APR based Apache Tomcat Native library which allows optimal performance in production environments was not found on the java.library.path: [/usr/java/packages/lib/amd64:/usr/lib64:/lib64:/lib:/usr/lib]
2019-04-18 14:00:24.234  INFO 23974 --- [localhost-startStop-1] o.a.c.c.C.[Tomcat].[localhost].[/]       : Initializing Spring embedded WebApplicationContext
2019-04-18 14:00:24.239  INFO 23974 --- [localhost-startStop-1] o.s.web.context.ContextLoader            : Root WebApplicationContext: initialization completed in 1624 ms
2019-04-18 14:00:24.300  INFO 23974 --- [localhost-startStop-1] o.s.b.w.servlet.ServletRegistrationBean  : Servlet dispatcherServlet mapped to [/]
2019-04-18 14:00:24.304  INFO 23974 --- [localhost-startStop-1] o.s.b.w.servlet.FilterRegistrationBean   : Mapping filter: 'characterEncodingFilter' to: [/*]
2019-04-18 14:00:24.304  INFO 23974 --- [localhost-startStop-1] o.s.b.w.servlet.FilterRegistrationBean   : Mapping filter: 'hiddenHttpMethodFilter' to: [/*]
2019-04-18 14:00:24.304  INFO 23974 --- [localhost-startStop-1] o.s.b.w.servlet.FilterRegistrationBean   : Mapping filter: 'httpPutFormContentFilter' to: [/*]
2019-04-18 14:00:24.304  INFO 23974 --- [localhost-startStop-1] o.s.b.w.servlet.FilterRegistrationBean   : Mapping filter: 'requestContextFilter' to: [/*]
2019-04-18 14:00:24.535  INFO 23974 --- [main] com.zaxxer.hikari.HikariDataSource       : HikariPool-1 - Starting...
2019-04-18 14:00:24.582  INFO 23974 --- [main] com.zaxxer.hikari.pool.PoolBase          : HikariPool-1 - Driver does not support get/set network timeout for connections. (Method org.postgresql.jdbc42.Jdbc42Connection.getNetworkTimeout() is not yet implemented.)
2019-04-18 14:00:24.600  INFO 23974 --- [main] com.zaxxer.hikari.HikariDataSource       : HikariPool-1 - Start completed.
2019-04-18 14:00:24.646  INFO 23974 --- [main] j.LocalContainerEntityManagerFactoryBean : Building JPA container EntityManagerFactory for persistence unit 'default'
2019-04-18 14:00:25.554  INFO 23974 --- [main] j.LocalContainerEntityManagerFactoryBean : Initialized JPA EntityManagerFactory for persistence unit 'default'
2019-04-18 14:00:25.976  INFO 23974 --- [main] o.s.w.s.handler.SimpleUrlHandlerMapping  : Mapped URL path [/**/favicon.ico] onto handler of type [class org.springframework.web.servlet.resource.ResourceHttpRequestHandler]
2019-04-18 14:00:26.195  INFO 23974 --- [main] s.w.s.m.m.a.RequestMappingHandlerAdapter : Looking for @ControllerAdvice: org.springframework.boot.web.servlet.context.AnnotationConfigServletWebServerApplicationContext@21de60b4: startup date [Thu Apr 18 14:00:22 EEST 2019]; root of context hierarchy
2019-04-18 14:00:26.243  WARN 23974 --- [main] aWebConfiguration$JpaWebMvcConfiguration : spring.jpa.open-in-view is enabled by default. Therefore, database queries may be performed during view rendering. Explicitly configure spring.jpa.open-in-view to disable this warning
2019-04-18 14:00:26.275  INFO 23974 --- [main] s.w.s.m.m.a.RequestMappingHandlerMapping : Mapped "{[/error],produces=[text/html]}" onto public org.springframework.web.servlet.ModelAndView org.springframework.boot.autoconfigure.web.servlet.error.BasicErrorController.errorHtml(javax.servlet.http.HttpServletRequest,javax.servlet.http.HttpServletResponse)
2019-04-18 14:00:26.276  INFO 23974 --- [main] s.w.s.m.m.a.RequestMappingHandlerMapping : Mapped "{[/error]}" onto public org.springframework.http.ResponseEntity<java.util.Map<java.lang.String, java.lang.Object>> org.springframework.boot.autoconfigure.web.servlet.error.BasicErrorController.error(javax.servlet.http.HttpServletRequest)
2019-04-18 14:00:26.301  INFO 23974 --- [main] o.s.w.s.handler.SimpleUrlHandlerMapping  : Mapped URL path [/webjars/**] onto handler of type [class org.springframework.web.servlet.resource.ResourceHttpRequestHandler]
2019-04-18 14:00:26.301  INFO 23974 --- [main] o.s.w.s.handler.SimpleUrlHandlerMapping  : Mapped URL path [/**] onto handler of type [class org.springframework.web.servlet.resource.ResourceHttpRequestHandler]
2019-04-18 14:00:26.493  INFO 23974 --- [main] o.s.j.e.a.AnnotationMBeanExporter        : Registering beans for JMX exposure on startup
2019-04-18 14:00:26.494  INFO 23974 --- [main] o.s.j.e.a.AnnotationMBeanExporter        : Bean with name 'dataSource' has been autodetected for JMX exposure
2019-04-18 14:00:26.498  INFO 23974 --- [main] o.s.j.e.a.AnnotationMBeanExporter        : Located MBean 'dataSource': registering with JMX server as MBean [com.zaxxer.hikari:name=dataSource,type=HikariDataSource]
2019-04-18 14:00:26.545  INFO 23974 --- [main] o.s.b.w.embedded.tomcat.TomcatWebServer  : Tomcat started on port(s): 8090 (http) with context path ''
2019-04-18 14:00:26.548  INFO 23974 --- [main] com.newyear.present.ConsoleApplication   : Started ConsoleApplication in 4.69 seconds (JVM running for 5.167)
2019-04-18 14:01:12.006  INFO 23974 --- [Thread-4] ConfigServletWebServerApplicationContext : Closing org.springframework.boot.web.servlet.context.AnnotationConfigServletWebServerApplicationContext@21de60b4: startup date [Thu Apr 18 14:00:22 EEST 2019]; root of context hierarchy
2019-04-18 14:01:12.007  INFO 23974 --- [Thread-4] o.s.j.e.a.AnnotationMBeanExporter        : Unregistering JMX-exposed beans on shutdown
2019-04-18 14:01:12.009  INFO 23974 --- [Thread-4] o.s.j.e.a.AnnotationMBeanExporter        : Unregistering JMX-exposed beans
2019-04-18 14:01:12.014  INFO 23974 --- [Thread-4] j.LocalContainerEntityManagerFactoryBean : Closing JPA EntityManagerFactory for persistence unit 'default'
2019-04-18 14:01:12.014  INFO 23974 --- [Thread-4] com.zaxxer.hikari.HikariDataSource       : HikariPool-1 - Shutdown initiated...
2019-04-18 14:01:12.021  INFO 23974 --- [Thread-4] com.zaxxer.hikari.HikariDataSource       : HikariPool-1 - Shutdown completed.
2019-04-18 14:01:17.025  INFO 24199 --- [main] ConfigServletWebServerApplicationContext : Refreshing org.springframework.boot.web.servlet.context.AnnotationConfigServletWebServerApplicationContext@1700915: startup date [Thu Apr 18 14:01:17 EEST 2019]; root of context hierarchy
2019-04-18 14:01:18.058  INFO 24199 --- [main] trationDelegate$BeanPostProcessorChecker : Bean 'org.springframework.transaction.annotation.ProxyTransactionManagementConfiguration' of type [org.springframework.transaction.annotation.ProxyTransactionManagementConfiguration$$EnhancerBySpringCGLIB$$c1ba73fc] is not eligible for getting processed by all BeanPostProcessors (for example: not eligible for auto-proxying)
2019-04-18 14:01:18.392  INFO 24199 --- [main] o.s.b.w.embedded.tomcat.TomcatWebServer  : Tomcat initialized with port(s): 8090 (http)
2019-04-18 14:01:18.523  INFO 24199 --- [localhost-startStop-1] o.s.web.context.ContextLoader            : Root WebApplicationContext: initialization completed in 1498 ms
2019-04-18 14:01:18.565  INFO 24199 --- [localhost-startStop-1] o.s.b.w.servlet.ServletRegistrationBean  : Servlet dispatcherServlet mapped to [/]
2019-04-18 14:01:18.568  INFO 24199 --- [localhost-startStop-1] o.s.b.w.servlet.FilterRegistrationBean   : Mapping filter: 'characterEncodingFilter' to: [/*]
2019-04-18 14:01:18.568  INFO 24199 --- [localhost-startStop-1] o.s.b.w.servlet.FilterRegistrationBean   : Mapping filter: 'hiddenHttpMethodFilter' to: [/*]
2019-04-18 14:01:18.569  INFO 24199 --- [localhost-startStop-1] o.s.b.w.servlet.FilterRegistrationBean   : Mapping filter: 'httpPutFormContentFilter' to: [/*]
2019-04-18 14:01:18.569  INFO 24199 --- [localhost-startStop-1] o.s.b.w.servlet.FilterRegistrationBean   : Mapping filter: 'requestContextFilter' to: [/*]
2019-04-18 14:01:18.896  INFO 24199 --- [main] j.LocalContainerEntityManagerFactoryBean : Building JPA container EntityManagerFactory for persistence unit 'default'
2019-04-18 14:01:19.800  INFO 24199 --- [main] j.LocalContainerEntityManagerFactoryBean : Initialized JPA EntityManagerFactory for persistence unit 'default'
2019-04-18 14:01:20.178  INFO 24199 --- [main] o.s.w.s.handler.SimpleUrlHandlerMapping  : Mapped URL path [/**/favicon.ico] onto handler of type [class org.springframework.web.servlet.resource.ResourceHttpRequestHandler]
2019-04-18 14:01:20.370  INFO 24199 --- [main] s.w.s.m.m.a.RequestMappingHandlerAdapter : Looking for @ControllerAdvice: org.springframework.boot.web.servlet.context.AnnotationConfigServletWebServerApplicationContext@1700915: startup date [Thu Apr 18 14:01:17 EEST 2019]; root of context hierarchy
2019-04-18 14:01:20.420  WARN 24199 --- [main] aWebConfiguration$JpaWebMvcConfiguration : spring.jpa.open-in-view is enabled by default. Therefore, database queries may be performed during view rendering. Explicitly configure spring.jpa.open-in-view to disable this warning
2019-04-18 14:01:20.454  INFO 24199 --- [main] s.w.s.m.m.a.RequestMappingHandlerMapping : Mapped "{[/error],produces=[text/html]}" onto public org.springframework.web.servlet.ModelAndView org.springframework.boot.autoconfigure.web.servlet.error.BasicErrorController.errorHtml(javax.servlet.http.HttpServletRequest,javax.servlet.http.HttpServletResponse)
2019-04-18 14:01:20.455  INFO 24199 --- [main] s.w.s.m.m.a.RequestMappingHandlerMapping : Mapped "{[/error]}" onto public org.springframework.http.ResponseEntity<java.util.Map<java.lang.String, java.lang.Object>> org.springframework.boot.autoconfigure.web.servlet.error.BasicErrorController.error(javax.servlet.http.HttpServletRequest)
2019-04-18 14:01:20.479  INFO 24199 --- [main] o.s.w.s.handler.SimpleUrlHandlerMapping  : Mapped URL path [/webjars/**] onto handler of type [class org.springframework.web.servlet.resource.ResourceHttpRequestHandler]
2019-04-18 14:01:20.480  INFO 24199 --- [main] o.s.w.s.handler.SimpleUrlHandlerMapping  : Mapped URL path [/**] onto handler of type [class org.springframework.web.servlet.resource.ResourceHttpRequestHandler]
2019-04-18 14:01:20.684  INFO 24199 --- [main] o.s.j.e.a.AnnotationMBeanExporter        : Registering beans for JMX exposure on startup
2019-04-18 14:01:20.686  INFO 24199 --- [main] o.s.j.e.a.AnnotationMBeanExporter        : Bean with name 'dataSource' has been autodetected for JMX exposure
2019-04-18 14:01:20.690  INFO 24199 --- [main] o.s.j.e.a.AnnotationMBeanExporter        : Located MBean 'dataSource': registering with JMX server as MBean [com.zaxxer.hikari:name=dataSource,type=HikariDataSource]
2019-04-18 14:01:20.734  INFO 24199 --- [main] o.s.b.w.embedded.tomcat.TomcatWebServer  : Tomcat started on port(s): 8090 (http) with context path ''
2019-04-18 14:01:23.289  INFO 24199 --- [Thread-4] ConfigServletWebServerApplicationContext : Closing org.springframework.boot.web.servlet.context.AnnotationConfigServletWebServerApplicationContext@1700915: startup date [Thu Apr 18 14:01:17 EEST 2019]; root of context hierarchy
2019-04-18 14:01:23.292  INFO 24199 --- [Thread-4] o.s.j.e.a.AnnotationMBeanExporter        : Unregistering JMX-exposed beans on shutdown
2019-04-18 14:01:23.296  INFO 24199 --- [Thread-4] o.s.j.e.a.AnnotationMBeanExporter        : Unregistering JMX-exposed beans
2019-04-18 14:01:23.300  INFO 24199 --- [Thread-4] j.LocalContainerEntityManagerFactoryBean : Closing JPA EntityManagerFactory for persistence unit 'default'
2019-04-18 14:52:07.177  INFO 27699 --- [main] com.newyear.present.ConsoleApplication   : Starting ConsoleApplication on Latitude-E5470 with PID 27699 (/home/viktoria/IdeaProjects/new-year-package/target/classes started by viktoria in /home/viktoria/IdeaProjects/new-year-package)
2019-04-18 14:52:07.185  INFO 27699 --- [main] com.newyear.present.ConsoleApplication   : No active profile set, falling back to default profiles: default
2019-04-18 14:52:07.309  INFO 27699 --- [main] ConfigServletWebServerApplicationContext : Refreshing org.springframework.boot.web.servlet.context.AnnotationConfigServletWebServerApplicationContext@703580bf: startup date [Thu Apr 18 14:52:07 EEST 2019]; root of context hierarchy
2019-04-18 14:52:08.334  INFO 27699 --- [main] trationDelegate$BeanPostProcessorChecker : Bean 'org.springframework.transaction.annotation.ProxyTransactionManagementConfiguration' of type [org.springframework.transaction.annotation.ProxyTransactionManagementConfiguration$$EnhancerBySpringCGLIB$$591d0c4c] is not eligible for getting processed by all BeanPostProcessors (for example: not eligible for auto-proxying)
2019-04-18 14:52:08.679  INFO 27699 --- [main] o.s.b.w.embedded.tomcat.TomcatWebServer  : Tomcat initialized with port(s): 8090 (http)
2019-04-18 14:52:08.703  INFO 27699 --- [main] o.apache.catalina.core.StandardService   : Starting service [Tomcat]
2019-04-18 14:52:08.703  INFO 27699 --- [main] org.apache.catalina.core.StandardEngine  : Starting Servlet Engine: Apache Tomcat/8.5.34
2019-04-18 14:52:08.712  INFO 27699 --- [localhost-startStop-1] o.a.catalina.core.AprLifecycleListener   : The APR based Apache Tomcat Native library which allows optimal performance in production environments was not found on the java.library.path: [/usr/java/packages/lib/amd64:/usr/lib64:/lib64:/lib:/usr/lib]
2019-04-18 14:52:08.802  INFO 27699 --- [localhost-startStop-1] o.a.c.c.C.[Tomcat].[localhost].[/]       : Initializing Spring embedded WebApplicationContext
2019-04-18 14:52:08.802  INFO 27699 --- [localhost-startStop-1] o.s.web.context.ContextLoader            : Root WebApplicationContext: initialization completed in 1493 ms
2019-04-18 14:52:08.842  INFO 27699 --- [localhost-startStop-1] o.s.b.w.servlet.ServletRegistrationBean  : Servlet dispatcherServlet mapped to [/]
2019-04-18 14:52:08.844  INFO 27699 --- [localhost-startStop-1] o.s.b.w.servlet.FilterRegistrationBean   : Mapping filter: 'characterEncodingFilter' to: [/*]
2019-04-18 14:52:08.845  INFO 27699 --- [localhost-startStop-1] o.s.b.w.servlet.FilterRegistrationBean   : Mapping filter: 'hiddenHttpMethodFilter' to: [/*]
2019-04-18 14:52:08.845  INFO 27699 --- [localhost-startStop-1] o.s.b.w.servlet.FilterRegistrationBean   : Mapping filter: 'httpPutFormContentFilter' to: [/*]
2019-04-18 14:52:08.845  INFO 27699 --- [localhost-startStop-1] o.s.b.w.servlet.FilterRegistrationBean   : Mapping filter: 'requestContextFilter' to: [/*]
2019-04-18 14:52:09.067  INFO 27699 --- [main] com.zaxxer.hikari.HikariDataSource       : HikariPool-1 - Starting...
2019-04-18 14:52:09.109  INFO 27699 --- [main] com.zaxxer.hikari.pool.PoolBase          : HikariPool-1 - Driver does not support get/set network timeout for connections. (Method org.postgresql.jdbc42.Jdbc42Connection.getNetworkTimeout() is not yet implemented.)
2019-04-18 14:52:09.129  INFO 27699 --- [main] com.zaxxer.hikari.HikariDataSource       : HikariPool-1 - Start completed.
2019-04-18 14:52:09.177  INFO 27699 --- [main] j.LocalContainerEntityManagerFactoryBean : Building JPA container EntityManagerFactory for persistence unit 'default'
2019-04-18 14:52:10.185  INFO 27699 --- [main] j.LocalContainerEntityManagerFactoryBean : Initialized JPA EntityManagerFactory for persistence unit 'default'
2019-04-18 14:52:10.588  INFO 27699 --- [main] o.s.w.s.handler.SimpleUrlHandlerMapping  : Mapped URL path [/**/favicon.ico] onto handler of type [class org.springframework.web.servlet.resource.ResourceHttpRequestHandler]
2019-04-18 14:52:10.791  INFO 27699 --- [main] s.w.s.m.m.a.RequestMappingHandlerAdapter : Looking for @ControllerAdvice: org.springframework.boot.web.servlet.context.AnnotationConfigServletWebServerApplicationContext@703580bf: startup date [Thu Apr 18 14:52:07 EEST 2019]; root of context hierarchy
2019-04-18 14:52:10.846  WARN 27699 --- [main] aWebConfiguration$JpaWebMvcConfiguration : spring.jpa.open-in-view is enabled by default. Therefore, database queries may be performed during view rendering. Explicitly configure spring.jpa.open-in-view to disable this warning
2019-04-18 14:52:10.876  INFO 27699 --- [main] s.w.s.m.m.a.RequestMappingHandlerMapping : Mapped "{[/error],produces=[text/html]}" onto public org.springframework.web.servlet.ModelAndView org.springframework.boot.autoconfigure.web.servlet.error.BasicErrorController.errorHtml(javax.servlet.http.HttpServletRequest,javax.servlet.http.HttpServletResponse)
2019-04-18 14:52:10.877  INFO 27699 --- [main] s.w.s.m.m.a.RequestMappingHandlerMapping : Mapped "{[/error]}" onto public org.springframework.http.ResponseEntity<java.util.Map<java.lang.String, java.lang.Object>> org.springframework.boot.autoconfigure.web.servlet.error.BasicErrorController.error(javax.servlet.http.HttpServletRequest)
2019-04-18 14:52:10.901  INFO 27699 --- [main] o.s.w.s.handler.SimpleUrlHandlerMapping  : Mapped URL path [/webjars/**] onto handler of type [class org.springframework.web.servlet.resource.ResourceHttpRequestHandler]
2019-04-18 14:52:10.901  INFO 27699 --- [main] o.s.w.s.handler.SimpleUrlHandlerMapping  : Mapped URL path [/**] onto handler of type [class org.springframework.web.servlet.resource.ResourceHttpRequestHandler]
2019-04-18 14:52:11.114  INFO 27699 --- [main] o.s.j.e.a.AnnotationMBeanExporter        : Registering beans for JMX exposure on startup
2019-04-18 14:52:11.116  INFO 27699 --- [main] o.s.j.e.a.AnnotationMBeanExporter        : Bean with name 'dataSource' has been autodetected for JMX exposure
2019-04-18 14:52:11.120  INFO 27699 --- [main] o.s.j.e.a.AnnotationMBeanExporter        : Located MBean 'dataSource': registering with JMX server as MBean [com.zaxxer.hikari:name=dataSource,type=HikariDataSource]
2019-04-18 14:52:11.163  INFO 27699 --- [main] o.s.b.w.embedded.tomcat.TomcatWebServer  : Tomcat started on port(s): 8090 (http) with context path ''
2019-04-18 14:52:11.166  INFO 27699 --- [main] com.newyear.present.ConsoleApplication   : Started ConsoleApplication in 4.564 seconds (JVM running for 4.977)
2019-04-18 14:52:32.563  INFO 27699 --- [main] ConditionEvaluationReportLoggingListener : 

Error starting ApplicationContext. To display the conditions report re-run your application with 'debug' enabled.
2019-04-18 14:52:32.577 ERROR 27699 --- [main] o.s.boot.SpringApplication               : Application run failed

java.lang.IllegalStateException: Failed to execute CommandLineRunner
	at org.springframework.boot.SpringApplication.callRunner(SpringApplication.java:821) [spring-boot-2.0.5.RELEASE.jar:2.0.5.RELEASE]
	at org.springframework.boot.SpringApplication.callRunners(SpringApplication.java:802) [spring-boot-2.0.5.RELEASE.jar:2.0.5.RELEASE]
	at org.springframework.boot.SpringApplication.run(SpringApplication.java:341) [spring-boot-2.0.5.RELEASE.jar:2.0.5.RELEASE]
	at org.springframework.boot.SpringApplication.run(SpringApplication.java:1277) [spring-boot-2.0.5.RELEASE.jar:2.0.5.RELEASE]
	at org.springframework.boot.SpringApplication.run(SpringApplication.java:1265) [spring-boot-2.0.5.RELEASE.jar:2.0.5.RELEASE]
	at com.newyear.present.ConsoleApplication.main(ConsoleApplication.java:19) [classes/:na]
Caused by: org.hibernate.LazyInitializationException: could not initialize proxy [com.newyear.present.entity.sweets.SellerSweet#1] - no Session
	at org.hibernate.proxy.AbstractLazyInitializer.initialize(AbstractLazyInitializer.java:169) ~[hibernate-core-5.4.2.Final.jar:5.4.2.Final]
	at org.hibernate.proxy.AbstractLazyInitializer.getImplementation(AbstractLazyInitializer.java:309) ~[hibernate-core-5.4.2.Final.jar:5.4.2.Final]
	at org.hibernate.proxy.pojo.bytebuddy.ByteBuddyInterceptor.intercept(ByteBuddyInterceptor.java:45) ~[hibernate-core-5.4.2.Final.jar:5.4.2.Final]
	at org.hibernate.proxy.ProxyConfiguration$InterceptorDispatcher.intercept(ProxyConfiguration.java:95) ~[hibernate-core-5.4.2.Final.jar:5.4.2.Final]
	at com.newyear.present.entity.sweets.SellerSweet$HibernateProxy$RVvILx6p.toString(Unknown Source) ~[classes/:na]
	at java.lang.String.valueOf(String.java:2994) ~[na:1.8.0_201]
	at java.io.PrintStream.println(PrintStream.java:821) ~[na:1.8.0_201]
	at com.newyear.present.ui.ConsoleUI.createPackageUsingJustSellerSweets(ConsoleUI.java:83) ~[classes/:na]
	at createPackage(ConsoleUI.java:63) ~[classes/:na]
	at com.newyear.present.ui.ConsoleUI.run(ConsoleUI.java:42) ~[classes/:na]
	at com.newyear.present.ConsoleApplication.run(ConsoleApplication.java:24) [classes/:na]
	at org.springframework.boot.SpringApplication.callRunner(SpringApplication.java:818) [spring-boot-2.0.5.RELEASE.jar:2.0.5.RELEASE]
	... 5 common frames omitted

2019-04-18 14:52:32.578  INFO 27699 --- [main] ConfigServletWebServerApplicationContext : Closing org.springframework.boot.web.servlet.context.AnnotationConfigServletWebServerApplicationContext@703580bf: startup date [Thu Apr 18 14:52:07 EEST 2019]; root of context hierarchy
2019-04-18 14:52:32.580  INFO 27699 --- [main] o.s.j.e.a.AnnotationMBeanExporter        : Unregistering JMX-exposed beans on shutdown
2019-04-18 14:52:32.581  INFO 27699 --- [main] o.s.j.e.a.AnnotationMBeanExporter        : Unregistering JMX-exposed beans
2019-04-18 14:52:32.584  INFO 27699 --- [main] j.LocalContainerEntityManagerFactoryBean : Closing JPA EntityManagerFactory for persistence unit 'default'
2019-04-18 14:52:32.584  INFO 27699 --- [main] com.zaxxer.hikari.HikariDataSource       : HikariPool-1 - Shutdown initiated...
2019-04-18 14:52:32.599  INFO 27699 --- [main] com.zaxxer.hikari.HikariDataSource       : HikariPool-1 - Shutdown completed.
2019-04-18 14:53:06.781  INFO 27797 --- [main] com.newyear.present.ConsoleApplication   : Starting ConsoleApplication on Latitude-E5470 with PID 27797 (/home/viktoria/IdeaProjects/new-year-package/target/classes started by viktoria in /home/viktoria/IdeaProjects/new-year-package)
2019-04-18 14:53:06.785  INFO 27797 --- [main] com.newyear.present.ConsoleApplication   : No active profile set, falling back to default profiles: default
2019-04-18 14:53:06.881  INFO 27797 --- [main] ConfigServletWebServerApplicationContext : Refreshing org.springframework.boot.web.servlet.context.AnnotationConfigServletWebServerApplicationContext@2e4b8173: startup date [Thu Apr 18 14:53:06 EEST 2019]; root of context hierarchy
2019-04-18 14:53:07.942  INFO 27797 --- [main] trationDelegate$BeanPostProcessorChecker : Bean 'org.springframework.transaction.annotation.ProxyTransactionManagementConfiguration' of type [org.springframework.transaction.annotation.ProxyTransactionManagementConfiguration$$EnhancerBySpringCGLIB$$90431b82] is not eligible for getting processed by all BeanPostProcessors (for example: not eligible for auto-proxying)
2019-04-18 14:53:08.277  INFO 27797 --- [main] o.s.b.w.embedded.tomcat.TomcatWebServer  : Tomcat initialized with port(s): 8090 (http)
2019-04-18 14:53:08.300  INFO 27797 --- [main] o.apache.catalina.core.StandardService   : Starting service [Tomcat]
2019-04-18 14:53:08.300  INFO 27797 --- [main] org.apache.catalina.core.StandardEngine  : Starting Servlet Engine: Apache Tomcat/8.5.34
2019-04-18 14:53:08.309  INFO 27797 --- [localhost-startStop-1] o.a.catalina.core.AprLifecycleListener   : The APR based Apache Tomcat Native library which allows optimal performance in production environments was not found on the java.library.path: [/usr/java/packages/lib/amd64:/usr/lib64:/lib64:/lib:/usr/lib]
2019-04-18 14:53:08.411  INFO 27797 --- [localhost-startStop-1] o.a.c.c.C.[Tomcat].[localhost].[/]       : Initializing Spring embedded WebApplicationContext
2019-04-18 14:53:08.412  INFO 27797 --- [localhost-startStop-1] o.s.web.context.ContextLoader            : Root WebApplicationContext: initialization completed in 1531 ms
2019-04-18 14:53:08.453  INFO 27797 --- [localhost-startStop-1] o.s.b.w.servlet.ServletRegistrationBean  : Servlet dispatcherServlet mapped to [/]
2019-04-18 14:53:08.456  INFO 27797 --- [localhost-startStop-1] o.s.b.w.servlet.FilterRegistrationBean   : Mapping filter: 'characterEncodingFilter' to: [/*]
2019-04-18 14:53:08.457  INFO 27797 --- [localhost-startStop-1] o.s.b.w.servlet.FilterRegistrationBean   : Mapping filter: 'hiddenHttpMethodFilter' to: [/*]
2019-04-18 14:53:08.457  INFO 27797 --- [localhost-startStop-1] o.s.b.w.servlet.FilterRegistrationBean   : Mapping filter: 'httpPutFormContentFilter' to: [/*]
2019-04-18 14:53:08.457  INFO 27797 --- [localhost-startStop-1] o.s.b.w.servlet.FilterRegistrationBean   : Mapping filter: 'requestContextFilter' to: [/*]
2019-04-18 14:53:08.667  INFO 27797 --- [main] com.zaxxer.hikari.HikariDataSource       : HikariPool-1 - Starting...
2019-04-18 14:53:08.718  INFO 27797 --- [main] com.zaxxer.hikari.pool.PoolBase          : HikariPool-1 - Driver does not support get/set network timeout for connections. (Method org.postgresql.jdbc42.Jdbc42Connection.getNetworkTimeout() is not yet implemented.)
2019-04-18 14:53:08.741  INFO 27797 --- [main] com.zaxxer.hikari.HikariDataSource       : HikariPool-1 - Start completed.
2019-04-18 14:53:08.786  INFO 27797 --- [main] j.LocalContainerEntityManagerFactoryBean : Building JPA container EntityManagerFactory for persistence unit 'default'
2019-04-18 14:53:09.749  INFO 27797 --- [main] j.LocalContainerEntityManagerFactoryBean : Initialized JPA EntityManagerFactory for persistence unit 'default'
2019-04-18 14:53:10.147  INFO 27797 --- [main] o.s.w.s.handler.SimpleUrlHandlerMapping  : Mapped URL path [/**/favicon.ico] onto handler of type [class org.springframework.web.servlet.resource.ResourceHttpRequestHandler]
2019-04-18 14:53:10.347  INFO 27797 --- [main] s.w.s.m.m.a.RequestMappingHandlerAdapter : Looking for @ControllerAdvice: org.springframework.boot.web.servlet.context.AnnotationConfigServletWebServerApplicationContext@2e4b8173: startup date [Thu Apr 18 14:53:06 EEST 2019]; root of context hierarchy
2019-04-18 14:53:10.399  WARN 27797 --- [main] aWebConfiguration$JpaWebMvcConfiguration : spring.jpa.open-in-view is enabled by default. Therefore, database queries may be performed during view rendering. Explicitly configure spring.jpa.open-in-view to disable this warning
2019-04-18 14:53:10.433  INFO 27797 --- [main] s.w.s.m.m.a.RequestMappingHandlerMapping : Mapped "{[/error],produces=[text/html]}" onto public org.springframework.web.servlet.ModelAndView org.springframework.boot.autoconfigure.web.servlet.error.BasicErrorController.errorHtml(javax.servlet.http.HttpServletRequest,javax.servlet.http.HttpServletResponse)
2019-04-18 14:53:10.434  INFO 27797 --- [main] s.w.s.m.m.a.RequestMappingHandlerMapping : Mapped "{[/error]}" onto public org.springframework.http.ResponseEntity<java.util.Map<java.lang.String, java.lang.Object>> org.springframework.boot.autoconfigure.web.servlet.error.BasicErrorController.error(javax.servlet.http.HttpServletRequest)
2019-04-18 14:53:10.463  INFO 27797 --- [main] o.s.w.s.handler.SimpleUrlHandlerMapping  : Mapped URL path [/webjars/**] onto handler of type [class org.springframework.web.servlet.resource.ResourceHttpRequestHandler]
2019-04-18 14:53:10.463  INFO 27797 --- [main] o.s.w.s.handler.SimpleUrlHandlerMapping  : Mapped URL path [/**] onto handler of type [class org.springframework.web.servlet.resource.ResourceHttpRequestHandler]
2019-04-18 14:53:10.685  INFO 27797 --- [main] o.s.j.e.a.AnnotationMBeanExporter        : Registering beans for JMX exposure on startup
2019-04-18 14:53:10.687  INFO 27797 --- [main] o.s.j.e.a.AnnotationMBeanExporter        : Bean with name 'dataSource' has been autodetected for JMX exposure
2019-04-18 14:53:10.692  INFO 27797 --- [main] o.s.j.e.a.AnnotationMBeanExporter        : Located MBean 'dataSource': registering with JMX server as MBean [com.zaxxer.hikari:name=dataSource,type=HikariDataSource]
2019-04-18 14:53:10.735  INFO 27797 --- [main] o.s.b.w.embedded.tomcat.TomcatWebServer  : Tomcat started on port(s): 8090 (http) with context path ''
2019-04-18 14:53:10.737  INFO 27797 --- [main] com.newyear.present.ConsoleApplication   : Started ConsoleApplication in 4.501 seconds (JVM running for 4.919)
2019-04-18 14:53:18.685  INFO 27797 --- [main] ConditionEvaluationReportLoggingListener : 

Error starting ApplicationContext. To display the conditions report re-run your application with 'debug' enabled.
2019-04-18 14:53:18.698 ERROR 27797 --- [main] o.s.boot.SpringApplication               : Application run failed

java.lang.IllegalStateException: Failed to execute CommandLineRunner
	at org.springframework.boot.SpringApplication.callRunner(SpringApplication.java:821) [spring-boot-2.0.5.RELEASE.jar:2.0.5.RELEASE]
	at org.springframework.boot.SpringApplication.callRunners(SpringApplication.java:802) [spring-boot-2.0.5.RELEASE.jar:2.0.5.RELEASE]
	at org.springframework.boot.SpringApplication.run(SpringApplication.java:341) [spring-boot-2.0.5.RELEASE.jar:2.0.5.RELEASE]
	at org.springframework.boot.SpringApplication.run(SpringApplication.java:1277) [spring-boot-2.0.5.RELEASE.jar:2.0.5.RELEASE]
	at org.springframework.boot.SpringApplication.run(SpringApplication.java:1265) [spring-boot-2.0.5.RELEASE.jar:2.0.5.RELEASE]
	at com.newyear.present.ConsoleApplication.main(ConsoleApplication.java:19) [classes/:na]
Caused by: org.hibernate.LazyInitializationException: could not initialize proxy [com.newyear.present.entity.sweets.SellerSweet#1] - no Session
	at org.hibernate.proxy.AbstractLazyInitializer.initialize(AbstractLazyInitializer.java:169) ~[hibernate-core-5.4.2.Final.jar:5.4.2.Final]
	at org.hibernate.proxy.AbstractLazyInitializer.getImplementation(AbstractLazyInitializer.java:309) ~[hibernate-core-5.4.2.Final.jar:5.4.2.Final]
	at org.hibernate.proxy.pojo.bytebuddy.ByteBuddyInterceptor.intercept(ByteBuddyInterceptor.java:45) ~[hibernate-core-5.4.2.Final.jar:5.4.2.Final]
	at org.hibernate.proxy.ProxyConfiguration$InterceptorDispatcher.intercept(ProxyConfiguration.java:95) ~[hibernate-core-5.4.2.Final.jar:5.4.2.Final]
	at com.newyear.present.entity.sweets.SellerSweet$HibernateProxy$CzchJ8Sn.toString(Unknown Source) ~[classes/:na]
	at java.lang.String.valueOf(String.java:2994) ~[na:1.8.0_201]
	at java.io.PrintStream.println(PrintStream.java:821) ~[na:1.8.0_201]
	at com.newyear.present.ui.ConsoleUI.createPackageUsingJustSellerSweets(ConsoleUI.java:83) ~[classes/:na]
	at createPackage(ConsoleUI.java:63) ~[classes/:na]
	at com.newyear.present.ui.ConsoleUI.run(ConsoleUI.java:42) ~[classes/:na]
	at com.newyear.present.ConsoleApplication.run(ConsoleApplication.java:24) [classes/:na]
	at org.springframework.boot.SpringApplication.callRunner(SpringApplication.java:818) [spring-boot-2.0.5.RELEASE.jar:2.0.5.RELEASE]
	... 5 common frames omitted

2019-04-18 14:53:18.699  INFO 27797 --- [main] ConfigServletWebServerApplicationContext : Closing org.springframework.boot.web.servlet.context.AnnotationConfigServletWebServerApplicationContext@2e4b8173: startup date [Thu Apr 18 14:53:06 EEST 2019]; root of context hierarchy
2019-04-18 14:53:18.702  INFO 27797 --- [main] o.s.j.e.a.AnnotationMBeanExporter        : Unregistering JMX-exposed beans on shutdown
2019-04-18 14:53:18.702  INFO 27797 --- [main] o.s.j.e.a.AnnotationMBeanExporter        : Unregistering JMX-exposed beans
2019-04-18 14:53:18.704  INFO 27797 --- [main] j.LocalContainerEntityManagerFactoryBean : Closing JPA EntityManagerFactory for persistence unit 'default'
2019-04-18 14:53:18.705  INFO 27797 --- [main] com.zaxxer.hikari.HikariDataSource       : HikariPool-1 - Shutdown initiated...
2019-04-18 14:53:18.708  INFO 27797 --- [main] com.zaxxer.hikari.HikariDataSource       : HikariPool-1 - Shutdown completed.
2019-04-18 14:55:16.922  INFO 28035 --- [main] com.newyear.present.ConsoleApplication   : Starting ConsoleApplication on Latitude-E5470 with PID 28035 (/home/viktoria/IdeaProjects/new-year-package/target/classes started by viktoria in /home/viktoria/IdeaProjects/new-year-package)
2019-04-18 14:55:16.929  INFO 28035 --- [main] com.newyear.present.ConsoleApplication   : No active profile set, falling back to default profiles: default
2019-04-18 14:55:17.046  INFO 28035 --- [main] ConfigServletWebServerApplicationContext : Refreshing org.springframework.boot.web.servlet.context.AnnotationConfigServletWebServerApplicationContext@cd3fee8: startup date [Thu Apr 18 14:55:17 EEST 2019]; root of context hierarchy
2019-04-18 14:55:18.022  INFO 28035 --- [main] trationDelegate$BeanPostProcessorChecker : Bean 'org.springframework.transaction.annotation.ProxyTransactionManagementConfiguration' of type [org.springframework.transaction.annotation.ProxyTransactionManagementConfiguration$$EnhancerBySpringCGLIB$$c97d8184] is not eligible for getting processed by all BeanPostProcessors (for example: not eligible for auto-proxying)
2019-04-18 14:55:18.345  INFO 28035 --- [main] o.s.b.w.embedded.tomcat.TomcatWebServer  : Tomcat initialized with port(s): 8090 (http)
2019-04-18 14:55:18.371  INFO 28035 --- [main] o.apache.catalina.core.StandardService   : Starting service [Tomcat]
2019-04-18 14:55:18.372  INFO 28035 --- [main] org.apache.catalina.core.StandardEngine  : Starting Servlet Engine: Apache Tomcat/8.5.34
2019-04-18 14:55:18.379  INFO 28035 --- [localhost-startStop-1] o.a.catalina.core.AprLifecycleListener   : The APR based Apache Tomcat Native library which allows optimal performance in production environments was not found on the java.library.path: [/usr/java/packages/lib/amd64:/usr/lib64:/lib64:/lib:/usr/lib]
2019-04-18 14:55:18.473  INFO 28035 --- [localhost-startStop-1] o.a.c.c.C.[Tomcat].[localhost].[/]       : Initializing Spring embedded WebApplicationContext
2019-04-18 14:55:18.474  INFO 28035 --- [localhost-startStop-1] o.s.web.context.ContextLoader            : Root WebApplicationContext: initialization completed in 1428 ms
2019-04-18 14:55:18.513  INFO 28035 --- [localhost-startStop-1] o.s.b.w.servlet.ServletRegistrationBean  : Servlet dispatcherServlet mapped to [/]
2019-04-18 14:55:18.516  INFO 28035 --- [localhost-startStop-1] o.s.b.w.servlet.FilterRegistrationBean   : Mapping filter: 'characterEncodingFilter' to: [/*]
2019-04-18 14:55:18.517  INFO 28035 --- [localhost-startStop-1] o.s.b.w.servlet.FilterRegistrationBean   : Mapping filter: 'hiddenHttpMethodFilter' to: [/*]
2019-04-18 14:55:18.517  INFO 28035 --- [localhost-startStop-1] o.s.b.w.servlet.FilterRegistrationBean   : Mapping filter: 'httpPutFormContentFilter' to: [/*]
2019-04-18 14:55:18.517  INFO 28035 --- [localhost-startStop-1] o.s.b.w.servlet.FilterRegistrationBean   : Mapping filter: 'requestContextFilter' to: [/*]
2019-04-18 14:55:18.726  INFO 28035 --- [main] com.zaxxer.hikari.HikariDataSource       : HikariPool-1 - Starting...
2019-04-18 14:55:18.774  INFO 28035 --- [main] com.zaxxer.hikari.pool.PoolBase          : HikariPool-1 - Driver does not support get/set network timeout for connections. (Method org.postgresql.jdbc42.Jdbc42Connection.getNetworkTimeout() is not yet implemented.)
2019-04-18 14:55:18.794  INFO 28035 --- [main] com.zaxxer.hikari.HikariDataSource       : HikariPool-1 - Start completed.
2019-04-18 14:55:18.838  INFO 28035 --- [main] j.LocalContainerEntityManagerFactoryBean : Building JPA container EntityManagerFactory for persistence unit 'default'
2019-04-18 14:55:19.740  INFO 28035 --- [main] j.LocalContainerEntityManagerFactoryBean : Initialized JPA EntityManagerFactory for persistence unit 'default'
2019-04-18 14:55:20.148  INFO 28035 --- [main] o.s.w.s.handler.SimpleUrlHandlerMapping  : Mapped URL path [/**/favicon.ico] onto handler of type [class org.springframework.web.servlet.resource.ResourceHttpRequestHandler]
2019-04-18 14:55:20.338  INFO 28035 --- [main] s.w.s.m.m.a.RequestMappingHandlerAdapter : Looking for @ControllerAdvice: org.springframework.boot.web.servlet.context.AnnotationConfigServletWebServerApplicationContext@cd3fee8: startup date [Thu Apr 18 14:55:17 EEST 2019]; root of context hierarchy
2019-04-18 14:55:20.391  WARN 28035 --- [main] aWebConfiguration$JpaWebMvcConfiguration : spring.jpa.open-in-view is enabled by default. Therefore, database queries may be performed during view rendering. Explicitly configure spring.jpa.open-in-view to disable this warning
2019-04-18 14:55:20.420  INFO 28035 --- [main] s.w.s.m.m.a.RequestMappingHandlerMapping : Mapped "{[/error],produces=[text/html]}" onto public org.springframework.web.servlet.ModelAndView org.springframework.boot.autoconfigure.web.servlet.error.BasicErrorController.errorHtml(javax.servlet.http.HttpServletRequest,javax.servlet.http.HttpServletResponse)
2019-04-18 14:55:20.421  INFO 28035 --- [main] s.w.s.m.m.a.RequestMappingHandlerMapping : Mapped "{[/error]}" onto public org.springframework.http.ResponseEntity<java.util.Map<java.lang.String, java.lang.Object>> org.springframework.boot.autoconfigure.web.servlet.error.BasicErrorController.error(javax.servlet.http.HttpServletRequest)
2019-04-18 14:55:20.442  INFO 28035 --- [main] o.s.w.s.handler.SimpleUrlHandlerMapping  : Mapped URL path [/webjars/**] onto handler of type [class org.springframework.web.servlet.resource.ResourceHttpRequestHandler]
2019-04-18 14:55:20.442  INFO 28035 --- [main] o.s.w.s.handler.SimpleUrlHandlerMapping  : Mapped URL path [/**] onto handler of type [class org.springframework.web.servlet.resource.ResourceHttpRequestHandler]
2019-04-18 14:55:20.624  INFO 28035 --- [main] o.s.j.e.a.AnnotationMBeanExporter        : Registering beans for JMX exposure on startup
2019-04-18 14:55:20.625  INFO 28035 --- [main] o.s.j.e.a.AnnotationMBeanExporter        : Bean with name 'dataSource' has been autodetected for JMX exposure
2019-04-18 14:55:20.639  INFO 28035 --- [main] o.s.j.e.a.AnnotationMBeanExporter        : Located MBean 'dataSource': registering with JMX server as MBean [com.zaxxer.hikari:name=dataSource,type=HikariDataSource]
2019-04-18 14:55:20.707  INFO 28035 --- [main] o.s.b.w.embedded.tomcat.TomcatWebServer  : Tomcat started on port(s): 8090 (http) with context path ''
2019-04-18 14:55:20.709  INFO 28035 --- [main] com.newyear.present.ConsoleApplication   : Started ConsoleApplication in 4.425 seconds (JVM running for 4.867)
2019-04-18 14:55:34.553  INFO 28035 --- [Thread-4] ConfigServletWebServerApplicationContext : Closing org.springframework.boot.web.servlet.context.AnnotationConfigServletWebServerApplicationContext@cd3fee8: startup date [Thu Apr 18 14:55:17 EEST 2019]; root of context hierarchy
2019-04-18 14:55:34.555  INFO 28035 --- [Thread-4] o.s.j.e.a.AnnotationMBeanExporter        : Unregistering JMX-exposed beans on shutdown
2019-04-18 14:55:34.556  INFO 28035 --- [Thread-4] o.s.j.e.a.AnnotationMBeanExporter        : Unregistering JMX-exposed beans
2019-04-18 14:55:34.560  INFO 28035 --- [Thread-4] j.LocalContainerEntityManagerFactoryBean : Closing JPA EntityManagerFactory for persistence unit 'default'
2019-04-18 14:55:34.561  INFO 28035 --- [Thread-4] com.zaxxer.hikari.HikariDataSource       : HikariPool-1 - Shutdown initiated...
2019-04-18 14:55:34.565  INFO 28035 --- [Thread-4] com.zaxxer.hikari.HikariDataSource       : HikariPool-1 - Shutdown completed.
2019-04-18 14:56:12.722  INFO 28146 --- [main] com.newyear.present.ConsoleApplication   : Starting ConsoleApplication on Latitude-E5470 with PID 28146 (/home/viktoria/IdeaProjects/new-year-package/target/classes started by viktoria in /home/viktoria/IdeaProjects/new-year-package)
2019-04-18 14:56:12.733  INFO 28146 --- [main] com.newyear.present.ConsoleApplication   : No active profile set, falling back to default profiles: default
2019-04-18 14:56:12.873  INFO 28146 --- [main] ConfigServletWebServerApplicationContext : Refreshing org.springframework.boot.web.servlet.context.AnnotationConfigServletWebServerApplicationContext@72a7c7e0: startup date [Thu Apr 18 14:56:12 EEST 2019]; root of context hierarchy
2019-04-18 14:56:13.820  INFO 28146 --- [main] trationDelegate$BeanPostProcessorChecker : Bean 'org.springframework.transaction.annotation.ProxyTransactionManagementConfiguration' of type [org.springframework.transaction.annotation.ProxyTransactionManagementConfiguration$$EnhancerBySpringCGLIB$$1e1ce5bd] is not eligible for getting processed by all BeanPostProcessors (for example: not eligible for auto-proxying)
2019-04-18 14:56:14.164  INFO 28146 --- [main] o.s.b.w.embedded.tomcat.TomcatWebServer  : Tomcat initialized with port(s): 8090 (http)
2019-04-18 14:56:14.193  INFO 28146 --- [main] o.apache.catalina.core.StandardService   : Starting service [Tomcat]
2019-04-18 14:56:14.193  INFO 28146 --- [main] org.apache.catalina.core.StandardEngine  : Starting Servlet Engine: Apache Tomcat/8.5.34
2019-04-18 14:56:14.202  INFO 28146 --- [localhost-startStop-1] o.a.catalina.core.AprLifecycleListener   : The APR based Apache Tomcat Native library which allows optimal performance in production environments was not found on the java.library.path: [/usr/java/packages/lib/amd64:/usr/lib64:/lib64:/lib:/usr/lib]
2019-04-18 14:56:14.298  INFO 28146 --- [localhost-startStop-1] o.a.c.c.C.[Tomcat].[localhost].[/]       : Initializing Spring embedded WebApplicationContext
2019-04-18 14:56:14.298  INFO 28146 --- [localhost-startStop-1] o.s.web.context.ContextLoader            : Root WebApplicationContext: initialization completed in 1425 ms
2019-04-18 14:56:14.341  INFO 28146 --- [localhost-startStop-1] o.s.b.w.servlet.ServletRegistrationBean  : Servlet dispatcherServlet mapped to [/]
2019-04-18 14:56:14.343  INFO 28146 --- [localhost-startStop-1] o.s.b.w.servlet.FilterRegistrationBean   : Mapping filter: 'characterEncodingFilter' to: [/*]
2019-04-18 14:56:14.344  INFO 28146 --- [localhost-startStop-1] o.s.b.w.servlet.FilterRegistrationBean   : Mapping filter: 'hiddenHttpMethodFilter' to: [/*]
2019-04-18 14:56:14.344  INFO 28146 --- [localhost-startStop-1] o.s.b.w.servlet.FilterRegistrationBean   : Mapping filter: 'httpPutFormContentFilter' to: [/*]
2019-04-18 14:56:14.344  INFO 28146 --- [localhost-startStop-1] o.s.b.w.servlet.FilterRegistrationBean   : Mapping filter: 'requestContextFilter' to: [/*]
2019-04-18 14:56:14.569  INFO 28146 --- [main] com.zaxxer.hikari.HikariDataSource       : HikariPool-1 - Starting...
2019-04-18 14:56:14.617  INFO 28146 --- [main] com.zaxxer.hikari.pool.PoolBase          : HikariPool-1 - Driver does not support get/set network timeout for connections. (Method org.postgresql.jdbc42.Jdbc42Connection.getNetworkTimeout() is not yet implemented.)
2019-04-18 14:56:14.638  INFO 28146 --- [main] com.zaxxer.hikari.HikariDataSource       : HikariPool-1 - Start completed.
2019-04-18 14:56:14.690  INFO 28146 --- [main] j.LocalContainerEntityManagerFactoryBean : Building JPA container EntityManagerFactory for persistence unit 'default'
2019-04-18 14:56:15.586  INFO 28146 --- [main] j.LocalContainerEntityManagerFactoryBean : Initialized JPA EntityManagerFactory for persistence unit 'default'
2019-04-18 14:56:15.981  INFO 28146 --- [main] o.s.w.s.handler.SimpleUrlHandlerMapping  : Mapped URL path [/**/favicon.ico] onto handler of type [class org.springframework.web.servlet.resource.ResourceHttpRequestHandler]
2019-04-18 14:56:16.208  INFO 28146 --- [main] s.w.s.m.m.a.RequestMappingHandlerAdapter : Looking for @ControllerAdvice: org.springframework.boot.web.servlet.context.AnnotationConfigServletWebServerApplicationContext@72a7c7e0: startup date [Thu Apr 18 14:56:12 EEST 2019]; root of context hierarchy
2019-04-18 14:56:16.255  WARN 28146 --- [main] aWebConfiguration$JpaWebMvcConfiguration : spring.jpa.open-in-view is enabled by default. Therefore, database queries may be performed during view rendering. Explicitly configure spring.jpa.open-in-view to disable this warning
2019-04-18 14:56:16.289  INFO 28146 --- [main] s.w.s.m.m.a.RequestMappingHandlerMapping : Mapped "{[/error],produces=[text/html]}" onto public org.springframework.web.servlet.ModelAndView org.springframework.boot.autoconfigure.web.servlet.error.BasicErrorController.errorHtml(javax.servlet.http.HttpServletRequest,javax.servlet.http.HttpServletResponse)
2019-04-18 14:56:16.290  INFO 28146 --- [main] s.w.s.m.m.a.RequestMappingHandlerMapping : Mapped "{[/error]}" onto public org.springframework.http.ResponseEntity<java.util.Map<java.lang.String, java.lang.Object>> org.springframework.boot.autoconfigure.web.servlet.error.BasicErrorController.error(javax.servlet.http.HttpServletRequest)
2019-04-18 14:56:16.313  INFO 28146 --- [main] o.s.w.s.handler.SimpleUrlHandlerMapping  : Mapped URL path [/webjars/**] onto handler of type [class org.springframework.web.servlet.resource.ResourceHttpRequestHandler]
2019-04-18 14:56:16.314  INFO 28146 --- [main] o.s.w.s.handler.SimpleUrlHandlerMapping  : Mapped URL path [/**] onto handler of type [class org.springframework.web.servlet.resource.ResourceHttpRequestHandler]
2019-04-18 14:56:16.535  INFO 28146 --- [main] o.s.j.e.a.AnnotationMBeanExporter        : Registering beans for JMX exposure on startup
2019-04-18 14:56:16.537  INFO 28146 --- [main] o.s.j.e.a.AnnotationMBeanExporter        : Bean with name 'dataSource' has been autodetected for JMX exposure
2019-04-18 14:56:16.541  INFO 28146 --- [main] o.s.j.e.a.AnnotationMBeanExporter        : Located MBean 'dataSource': registering with JMX server as MBean [com.zaxxer.hikari:name=dataSource,type=HikariDataSource]
2019-04-18 14:56:16.600  INFO 28146 --- [main] o.s.b.w.embedded.tomcat.TomcatWebServer  : Tomcat started on port(s): 8090 (http) with context path ''
2019-04-18 14:56:16.602  INFO 28146 --- [main] com.newyear.present.ConsoleApplication   : Started ConsoleApplication in 4.49 seconds (JVM running for 4.912)
2019-04-18 14:57:00.662  INFO 28146 --- [Thread-4] ConfigServletWebServerApplicationContext : Closing org.springframework.boot.web.servlet.context.AnnotationConfigServletWebServerApplicationContext@72a7c7e0: startup date [Thu Apr 18 14:56:12 EEST 2019]; root of context hierarchy
2019-04-18 14:57:00.663  INFO 28146 --- [Thread-4] o.s.j.e.a.AnnotationMBeanExporter        : Unregistering JMX-exposed beans on shutdown
2019-04-18 14:57:00.664  INFO 28146 --- [Thread-4] o.s.j.e.a.AnnotationMBeanExporter        : Unregistering JMX-exposed beans
2019-04-18 14:57:00.673  INFO 28146 --- [Thread-4] j.LocalContainerEntityManagerFactoryBean : Closing JPA EntityManagerFactory for persistence unit 'default'
2019-04-18 14:57:00.674  INFO 28146 --- [Thread-4] com.zaxxer.hikari.HikariDataSource       : HikariPool-1 - Shutdown initiated...
2019-04-18 14:57:00.681  INFO 28146 --- [Thread-4] com.zaxxer.hikari.HikariDataSource       : HikariPool-1 - Shutdown completed.
2019-04-18 14:57:04.554  INFO 28249 --- [main] com.newyear.present.ConsoleApplication   : Starting ConsoleApplication on Latitude-E5470 with PID 28249 (/home/viktoria/IdeaProjects/new-year-package/target/classes started by viktoria in /home/viktoria/IdeaProjects/new-year-package)
2019-04-18 14:57:04.561  INFO 28249 --- [main] com.newyear.present.ConsoleApplication   : No active profile set, falling back to default profiles: default
2019-04-18 14:57:04.684  INFO 28249 --- [main] ConfigServletWebServerApplicationContext : Refreshing org.springframework.boot.web.servlet.context.AnnotationConfigServletWebServerApplicationContext@470f1802: startup date [Thu Apr 18 14:57:04 EEST 2019]; root of context hierarchy
2019-04-18 14:57:05.754  INFO 28249 --- [main] trationDelegate$BeanPostProcessorChecker : Bean 'org.springframework.transaction.annotation.ProxyTransactionManagementConfiguration' of type [org.springframework.transaction.annotation.ProxyTransactionManagementConfiguration$$EnhancerBySpringCGLIB$$b720ee82] is not eligible for getting processed by all BeanPostProcessors (for example: not eligible for auto-proxying)
2019-04-18 14:57:06.109  INFO 28249 --- [main] o.s.b.w.embedded.tomcat.TomcatWebServer  : Tomcat initialized with port(s): 8090 (http)
2019-04-18 14:57:06.130  INFO 28249 --- [main] o.apache.catalina.core.StandardService   : Starting service [Tomcat]
2019-04-18 14:57:06.130  INFO 28249 --- [main] org.apache.catalina.core.StandardEngine  : Starting Servlet Engine: Apache Tomcat/8.5.34
2019-04-18 14:57:06.137  INFO 28249 --- [localhost-startStop-1] o.a.catalina.core.AprLifecycleListener   : The APR based Apache Tomcat Native library which allows optimal performance in production environments was not found on the java.library.path: [/usr/java/packages/lib/amd64:/usr/lib64:/lib64:/lib:/usr/lib]
2019-04-18 14:57:06.239  INFO 28249 --- [localhost-startStop-1] o.a.c.c.C.[Tomcat].[localhost].[/]       : Initializing Spring embedded WebApplicationContext
2019-04-18 14:57:06.240  INFO 28249 --- [localhost-startStop-1] o.s.web.context.ContextLoader            : Root WebApplicationContext: initialization completed in 1556 ms
2019-04-18 14:57:06.283  INFO 28249 --- [localhost-startStop-1] o.s.b.w.servlet.ServletRegistrationBean  : Servlet dispatcherServlet mapped to [/]
2019-04-18 14:57:06.286  INFO 28249 --- [localhost-startStop-1] o.s.b.w.servlet.FilterRegistrationBean   : Mapping filter: 'characterEncodingFilter' to: [/*]
2019-04-18 14:57:06.286  INFO 28249 --- [localhost-startStop-1] o.s.b.w.servlet.FilterRegistrationBean   : Mapping filter: 'hiddenHttpMethodFilter' to: [/*]
2019-04-18 14:57:06.286  INFO 28249 --- [localhost-startStop-1] o.s.b.w.servlet.FilterRegistrationBean   : Mapping filter: 'httpPutFormContentFilter' to: [/*]
2019-04-18 14:57:06.286  INFO 28249 --- [localhost-startStop-1] o.s.b.w.servlet.FilterRegistrationBean   : Mapping filter: 'requestContextFilter' to: [/*]
2019-04-18 14:57:06.520  INFO 28249 --- [main] com.zaxxer.hikari.HikariDataSource       : HikariPool-1 - Starting...
2019-04-18 14:57:06.560  INFO 28249 --- [main] com.zaxxer.hikari.pool.PoolBase          : HikariPool-1 - Driver does not support get/set network timeout for connections. (Method org.postgresql.jdbc42.Jdbc42Connection.getNetworkTimeout() is not yet implemented.)
2019-04-18 14:57:06.578  INFO 28249 --- [main] com.zaxxer.hikari.HikariDataSource       : HikariPool-1 - Start completed.
2019-04-18 14:57:06.622  INFO 28249 --- [main] j.LocalContainerEntityManagerFactoryBean : Building JPA container EntityManagerFactory for persistence unit 'default'
2019-04-18 14:57:07.567  INFO 28249 --- [main] j.LocalContainerEntityManagerFactoryBean : Initialized JPA EntityManagerFactory for persistence unit 'default'
2019-04-18 14:57:07.973  INFO 28249 --- [main] o.s.w.s.handler.SimpleUrlHandlerMapping  : Mapped URL path [/**/favicon.ico] onto handler of type [class org.springframework.web.servlet.resource.ResourceHttpRequestHandler]
2019-04-18 14:57:08.162  INFO 28249 --- [main] s.w.s.m.m.a.RequestMappingHandlerAdapter : Looking for @ControllerAdvice: org.springframework.boot.web.servlet.context.AnnotationConfigServletWebServerApplicationContext@470f1802: startup date [Thu Apr 18 14:57:04 EEST 2019]; root of context hierarchy
2019-04-18 14:57:08.218  WARN 28249 --- [main] aWebConfiguration$JpaWebMvcConfiguration : spring.jpa.open-in-view is enabled by default. Therefore, database queries may be performed during view rendering. Explicitly configure spring.jpa.open-in-view to disable this warning
2019-04-18 14:57:08.249  INFO 28249 --- [main] s.w.s.m.m.a.RequestMappingHandlerMapping : Mapped "{[/error],produces=[text/html]}" onto public org.springframework.web.servlet.ModelAndView org.springframework.boot.autoconfigure.web.servlet.error.BasicErrorController.errorHtml(javax.servlet.http.HttpServletRequest,javax.servlet.http.HttpServletResponse)
2019-04-18 14:57:08.250  INFO 28249 --- [main] s.w.s.m.m.a.RequestMappingHandlerMapping : Mapped "{[/error]}" onto public org.springframework.http.ResponseEntity<java.util.Map<java.lang.String, java.lang.Object>> org.springframework.boot.autoconfigure.web.servlet.error.BasicErrorController.error(javax.servlet.http.HttpServletRequest)
2019-04-18 14:57:08.273  INFO 28249 --- [main] o.s.w.s.handler.SimpleUrlHandlerMapping  : Mapped URL path [/webjars/**] onto handler of type [class org.springframework.web.servlet.resource.ResourceHttpRequestHandler]
2019-04-18 14:57:08.274  INFO 28249 --- [main] o.s.w.s.handler.SimpleUrlHandlerMapping  : Mapped URL path [/**] onto handler of type [class org.springframework.web.servlet.resource.ResourceHttpRequestHandler]
2019-04-18 14:57:08.472  INFO 28249 --- [main] o.s.j.e.a.AnnotationMBeanExporter        : Registering beans for JMX exposure on startup
2019-04-18 14:57:08.474  INFO 28249 --- [main] o.s.j.e.a.AnnotationMBeanExporter        : Bean with name 'dataSource' has been autodetected for JMX exposure
2019-04-18 14:57:08.484  INFO 28249 --- [main] o.s.j.e.a.AnnotationMBeanExporter        : Located MBean 'dataSource': registering with JMX server as MBean [com.zaxxer.hikari:name=dataSource,type=HikariDataSource]
2019-04-18 14:57:08.536  INFO 28249 --- [main] o.s.b.w.embedded.tomcat.TomcatWebServer  : Tomcat started on port(s): 8090 (http) with context path ''
2019-04-18 14:57:08.538  INFO 28249 --- [main] com.newyear.present.ConsoleApplication   : Started ConsoleApplication in 4.522 seconds (JVM running for 4.953)
2019-04-18 14:57:17.342  INFO 28249 --- [main] ConditionEvaluationReportLoggingListener : 

Error starting ApplicationContext. To display the conditions report re-run your application with 'debug' enabled.
2019-04-18 14:57:17.347 ERROR 28249 --- [main] o.s.boot.SpringApplication               : Application run failed

java.lang.IllegalStateException: Failed to execute CommandLineRunner
	at org.springframework.boot.SpringApplication.callRunner(SpringApplication.java:821) [spring-boot-2.0.5.RELEASE.jar:2.0.5.RELEASE]
	at org.springframework.boot.SpringApplication.callRunners(SpringApplication.java:802) [spring-boot-2.0.5.RELEASE.jar:2.0.5.RELEASE]
	at org.springframework.boot.SpringApplication.run(SpringApplication.java:341) [spring-boot-2.0.5.RELEASE.jar:2.0.5.RELEASE]
	at org.springframework.boot.SpringApplication.run(SpringApplication.java:1277) [spring-boot-2.0.5.RELEASE.jar:2.0.5.RELEASE]
	at org.springframework.boot.SpringApplication.run(SpringApplication.java:1265) [spring-boot-2.0.5.RELEASE.jar:2.0.5.RELEASE]
	at com.newyear.present.ConsoleApplication.main(ConsoleApplication.java:19) [classes/:na]
Caused by: org.hibernate.LazyInitializationException: could not initialize proxy [com.newyear.present.entity.sweets.SellerSweet#1] - no Session
	at org.hibernate.proxy.AbstractLazyInitializer.initialize(AbstractLazyInitializer.java:169) ~[hibernate-core-5.4.2.Final.jar:5.4.2.Final]
	at org.hibernate.proxy.AbstractLazyInitializer.getImplementation(AbstractLazyInitializer.java:309) ~[hibernate-core-5.4.2.Final.jar:5.4.2.Final]
	at org.hibernate.proxy.pojo.bytebuddy.ByteBuddyInterceptor.intercept(ByteBuddyInterceptor.java:45) ~[hibernate-core-5.4.2.Final.jar:5.4.2.Final]
	at org.hibernate.proxy.ProxyConfiguration$InterceptorDispatcher.intercept(ProxyConfiguration.java:95) ~[hibernate-core-5.4.2.Final.jar:5.4.2.Final]
	at com.newyear.present.entity.sweets.SellerSweet$HibernateProxy$JyFAMg3O.toString(Unknown Source) ~[classes/:na]
	at java.lang.String.valueOf(String.java:2994) ~[na:1.8.0_201]
	at java.io.PrintStream.println(PrintStream.java:821) ~[na:1.8.0_201]
	at com.newyear.present.ui.ConsoleUI.createPackageUsingJustSellerSweets(ConsoleUI.java:84) ~[classes/:na]
	at createPackage(ConsoleUI.java:63) ~[classes/:na]
	at com.newyear.present.ui.ConsoleUI.run(ConsoleUI.java:42) ~[classes/:na]
	at com.newyear.present.ConsoleApplication.run(ConsoleApplication.java:24) [classes/:na]
	at org.springframework.boot.SpringApplication.callRunner(SpringApplication.java:818) [spring-boot-2.0.5.RELEASE.jar:2.0.5.RELEASE]
	... 5 common frames omitted

2019-04-18 14:57:17.347  INFO 28249 --- [main] ConfigServletWebServerApplicationContext : Closing org.springframework.boot.web.servlet.context.AnnotationConfigServletWebServerApplicationContext@470f1802: startup date [Thu Apr 18 14:57:04 EEST 2019]; root of context hierarchy
2019-04-18 14:57:17.349  INFO 28249 --- [main] o.s.j.e.a.AnnotationMBeanExporter        : Unregistering JMX-exposed beans on shutdown
2019-04-18 14:57:17.349  INFO 28249 --- [main] o.s.j.e.a.AnnotationMBeanExporter        : Unregistering JMX-exposed beans
2019-04-18 14:57:17.351  INFO 28249 --- [main] j.LocalContainerEntityManagerFactoryBean : Closing JPA EntityManagerFactory for persistence unit 'default'
2019-04-18 14:57:17.352  INFO 28249 --- [main] com.zaxxer.hikari.HikariDataSource       : HikariPool-1 - Shutdown initiated...
2019-04-18 14:57:17.356  INFO 28249 --- [main] com.zaxxer.hikari.HikariDataSource       : HikariPool-1 - Shutdown completed.
